<?xml version="1.0" encoding="UTF-8"?>
<!-- Generated by org.testng.reporters.JUnitXMLReporter -->
<testsuite ignored="0" hostname="LTIN259123" failures="0" tests="12" name="Test" time="100.163" errors="0" timestamp="2024-02-15T13:02:13 IST">
  <testcase classname="TestCases.TC001_HomePageTest" name="test1" time="5.475"/>
  <testcase classname="TestCases.TC002_TravelDetailsTest" name="test2" time="2.393"/>
  <testcase classname="TestCases.TC002_TravelDetailsTest" name="test3" time="0.072"/>
  <testcase classname="TestCases.TC002_TravelDetailsTest" name="test4" time="4.99"/>
  <testcase classname="TestCases.TC002_TravelDetailsTest" name="test5" time="2.692"/>
  <testcase classname="TestCases.TC002_TravelDetailsTest" name="test6" time="0.128"/>
  <testcase classname="TestCases.TC002_TravelDetailsTest" name="test7" time="0.529"/>
  <testcase classname="TestCases.TC002_TravelDetailsTest" name="test8" time="32.512"/>
  <testcase classname="TestCases.TC003_CarInsuranceTest" name="test9" time="3.728"/>
  <testcase classname="TestCases.TC003_CarInsuranceTest" name="test10" time="12.192"/>
  <testcase classname="TestCases.TC003_CarInsuranceTest" name="test11" time="12.113"/>
  <testcase classname="TestCases.TC006_HealthInsuranceNewTest" name="test12" time="6.98"/>
</testsuite> <!-- Test -->
