<?xml version="1.0" encoding="UTF-8"?>
<!-- Generated by org.testng.reporters.JUnitXMLReporter -->
<testsuite ignored="0" hostname="LTIN259123" failures="0" tests="12" name="Test2" time="93.935" errors="0" timestamp="2024-02-15T13:03:47 IST">
  <testcase classname="TestCases.TC001_HomePageTest" name="test1" time="5.46"/>
  <testcase classname="TestCases.TC002_TravelDetailsTest" name="test2" time="2.426"/>
  <testcase classname="TestCases.TC002_TravelDetailsTest" name="test3" time="0.072"/>
  <testcase classname="TestCases.TC002_TravelDetailsTest" name="test4" time="4.976"/>
  <testcase classname="TestCases.TC002_TravelDetailsTest" name="test5" time="2.703"/>
  <testcase classname="TestCases.TC002_TravelDetailsTest" name="test6" time="0.085"/>
  <testcase classname="TestCases.TC002_TravelDetailsTest" name="test7" time="1.06"/>
  <testcase classname="TestCases.TC002_TravelDetailsTest" name="test8" time="30.164"/>
  <testcase classname="TestCases.TC003_CarInsuranceTest" name="test9" time="3.058"/>
  <testcase classname="TestCases.TC003_CarInsuranceTest" name="test10" time="12.205"/>
  <testcase classname="TestCases.TC003_CarInsuranceTest" name="test11" time="12.228"/>
  <testcase classname="TestCases.TC006_HealthInsuranceNewTest" name="test12" time="6.576"/>
</testsuite> <!-- Test2 -->
